2013/12/09 14:54:20 [error] [php] include(BTCeAPI.php) [<a href='function.include'>function.include</a>]: failed to open stream: No such file or directory (C:\www\yii\framework\YiiBase.php:421)
Stack trace:
#0 C:\www\btcbot\protected\controllers\SiteController.php(112): spl_autoload_call()
#1 C:\www\yii\framework\web\actions\CInlineAction.php(49): SiteController->actionCron()
#2 C:\www\yii\framework\web\CController.php(308): CInlineAction->runWithParams()
#3 C:\www\yii\framework\web\CController.php(286): SiteController->runAction()
#4 C:\www\yii\framework\web\CController.php(265): SiteController->runActionWithFilters()
#5 C:\www\yii\framework\web\CWebApplication.php(282): SiteController->run()
#6 C:\www\yii\framework\web\CWebApplication.php(141): CWebApplication->runController()
#7 C:\www\yii\framework\base\CApplication.php(169): CWebApplication->processRequest()
#8 C:\www\btcbot\index.php(13): CWebApplication->run()
REQUEST_URI=/index.php?r=site/cron
in C:\www\btcbot\protected\controllers\SiteController.php (112)
in C:\www\btcbot\index.php (13)
2013/12/09 14:55:09 [error] [php] include(BTCeAPI.php) [<a href='function.include'>function.include</a>]: failed to open stream: No such file or directory (C:\www\yii\framework\YiiBase.php:421)
Stack trace:
#0 C:\www\btcbot\protected\controllers\SiteController.php(112): spl_autoload_call()
#1 C:\www\yii\framework\web\actions\CInlineAction.php(49): SiteController->actionCron()
#2 C:\www\yii\framework\web\CController.php(308): CInlineAction->runWithParams()
#3 C:\www\yii\framework\web\CController.php(286): SiteController->runAction()
#4 C:\www\yii\framework\web\CController.php(265): SiteController->runActionWithFilters()
#5 C:\www\yii\framework\web\CWebApplication.php(282): SiteController->run()
#6 C:\www\yii\framework\web\CWebApplication.php(141): CWebApplication->runController()
#7 C:\www\yii\framework\base\CApplication.php(169): CWebApplication->processRequest()
#8 C:\www\btcbot\index.php(13): CWebApplication->run()
REQUEST_URI=/index.php?r=site/cron
in C:\www\btcbot\protected\controllers\SiteController.php (112)
in C:\www\btcbot\index.php (13)
2013/12/09 14:55:10 [error] [php] include(BTCeAPI.php) [<a href='function.include'>function.include</a>]: failed to open stream: No such file or directory (C:\www\yii\framework\YiiBase.php:421)
Stack trace:
#0 C:\www\btcbot\protected\controllers\SiteController.php(112): spl_autoload_call()
#1 C:\www\yii\framework\web\actions\CInlineAction.php(49): SiteController->actionCron()
#2 C:\www\yii\framework\web\CController.php(308): CInlineAction->runWithParams()
#3 C:\www\yii\framework\web\CController.php(286): SiteController->runAction()
#4 C:\www\yii\framework\web\CController.php(265): SiteController->runActionWithFilters()
#5 C:\www\yii\framework\web\CWebApplication.php(282): SiteController->run()
#6 C:\www\yii\framework\web\CWebApplication.php(141): CWebApplication->runController()
#7 C:\www\yii\framework\base\CApplication.php(169): CWebApplication->processRequest()
#8 C:\www\btcbot\index.php(13): CWebApplication->run()
REQUEST_URI=/index.php?r=site/cron
in C:\www\btcbot\protected\controllers\SiteController.php (112)
in C:\www\btcbot\index.php (13)
